<?xml version="1.0" encoding="UTF-8"?>
<coverage generated="1782432664846" clover="3.2.0">
  <project timestamp="1782432664846" name="All files">
    <metrics statements="97" coveredstatements="85" conditionals="67" coveredconditionals="53" methods="56" coveredmethods="48" elements="220" coveredelements="186" complexity="0" loc="97" ncloc="97" packages="1" files="1" classes="1"/>
    <file name="AttachmentBar.tsx" path="/Users/rezarahimi/Documents/GitHub/kernel-lab/caliber-suite/caliber/caliber-ui/src/components/assistant/AttachmentBar.tsx">
      <metrics statements="97" coveredstatements="85" conditionals="67" coveredconditionals="53" methods="56" coveredmethods="48"/>
      <line num="20" count="1" type="stmt"/>
      <line num="21" count="58" type="cond" truecount="2" falsecount="0"/>
      <line num="37" count="54" type="stmt"/>
      <line num="38" count="54" type="stmt"/>
      <line num="39" count="54" type="stmt"/>
      <line num="40" count="54" type="stmt"/>
      <line num="42" count="54" type="cond" truecount="1" falsecount="0"/>
      <line num="44" count="18" type="cond" truecount="1" falsecount="1"/>
      <line num="48" count="54" type="stmt"/>
      <line num="50" count="54" type="stmt"/>
      <line num="51" count="1" type="stmt"/>
      <line num="54" count="1" type="cond" truecount="1" falsecount="1"/>
      <line num="59" count="54" type="stmt"/>
      <line num="61" count="2" type="stmt"/>
      <line num="62" count="2" type="stmt"/>
      <line num="63" count="1" type="stmt"/>
      <line num="67" count="1" type="stmt"/>
      <line num="68" count="1" type="stmt"/>
      <line num="71" count="1" type="cond" truecount="1" falsecount="1"/>
      <line num="76" count="54" type="stmt"/>
      <line num="77" count="2" type="stmt"/>
      <line num="78" count="2" type="cond" truecount="1" falsecount="1"/>
      <line num="79" count="2" type="stmt"/>
      <line num="82" count="54" type="stmt"/>
      <line num="89" count="54" type="stmt"/>
      <line num="94" count="2" type="stmt"/>
      <line num="103" count="1" type="stmt"/>
      <line num="120" count="11" type="stmt"/>
      <line num="132" count="40" type="stmt"/>
      <line num="136" count="9" type="stmt"/>
      <line num="137" count="9" type="cond" truecount="2" falsecount="0"/>
      <line num="138" count="8" type="stmt"/>
      <line num="162" count="1" type="stmt"/>
      <line num="169" count="1" type="stmt"/>
      <line num="176" count="1" type="stmt"/>
      <line num="203" count="37" type="stmt"/>
      <line num="226" count="15" type="stmt"/>
      <line num="227" count="15" type="stmt"/>
      <line num="228" count="15" type="stmt"/>
      <line num="230" count="1" type="stmt"/>
      <line num="231" count="1" type="stmt"/>
      <line num="236" count="0" type="stmt"/>
      <line num="240" count="0" type="stmt"/>
      <line num="241" count="0" type="stmt"/>
      <line num="242" count="0" type="stmt"/>
      <line num="245" count="1" type="cond" truecount="1" falsecount="1"/>
      <line num="250" count="15" type="stmt"/>
      <line num="255" count="0" type="stmt"/>
      <line num="261" count="12" type="stmt"/>
      <line num="269" count="1" type="stmt"/>
      <line num="281" count="1" type="stmt"/>
      <line num="290" count="10" type="stmt"/>
      <line num="292" count="10" type="cond" truecount="1" falsecount="0"/>
      <line num="295" count="5" type="cond" truecount="3" falsecount="3"/>
      <line num="297" count="3" type="stmt"/>
      <line num="299" count="1" type="stmt"/>
      <line num="301" count="1" type="stmt"/>
      <line num="303" count="0" type="stmt"/>
      <line num="305" count="0" type="stmt"/>
      <line num="306" count="0" type="stmt"/>
      <line num="307" count="0" type="stmt"/>
      <line num="309" count="0" type="stmt"/>
      <line num="314" count="10" type="stmt"/>
      <line num="316" count="1" type="stmt"/>
      <line num="317" count="1" type="stmt"/>
      <line num="322" count="1" type="stmt"/>
      <line num="326" count="1" type="stmt"/>
      <line num="327" count="1" type="stmt"/>
      <line num="328" count="1" type="stmt"/>
      <line num="331" count="0" type="cond" truecount="0" falsecount="2"/>
      <line num="336" count="10" type="stmt"/>
      <line num="341" count="50" type="stmt"/>
      <line num="344" count="2" type="stmt"/>
      <line num="367" count="3" type="stmt"/>
      <line num="371" count="1" type="stmt"/>
      <line num="386" count="12" type="stmt"/>
      <line num="388" count="12" type="cond" truecount="1" falsecount="0"/>
      <line num="390" count="3" type="stmt"/>
      <line num="393" count="12" type="stmt"/>
      <line num="395" count="3" type="stmt"/>
      <line num="399" count="12" type="stmt"/>
      <line num="401" count="1" type="stmt"/>
      <line num="402" count="1" type="stmt"/>
      <line num="403" count="1" type="stmt"/>
      <line num="407" count="1" type="stmt"/>
      <line num="408" count="1" type="stmt"/>
      <line num="409" count="1" type="stmt"/>
      <line num="412" count="0" type="cond" truecount="0" falsecount="2"/>
      <line num="417" count="12" type="stmt"/>
      <line num="424" count="3" type="stmt"/>
      <line num="429" count="9" type="stmt"/>
      <line num="446" count="1" type="stmt"/>
      <line num="450" count="1" type="stmt"/>
      <line num="470" count="10" type="stmt"/>
      <line num="480" count="10" type="stmt"/>
      <line num="489" count="10" type="stmt"/>
      <line num="498" count="10" type="stmt"/>
    </file>
  </project>
</coverage>
