{"/Users/rezarahimi/Documents/GitHub/kernel-lab/caliber-suite/caliber/caliber-ui/src/components/assistant/AttachmentBar.tsx": {"path":"/Users/rezarahimi/Documents/GitHub/kernel-lab/caliber-suite/caliber/caliber-ui/src/components/assistant/AttachmentBar.tsx","statementMap":{"0":{"start":{"line":20,"column":13},"end":{"line":21,"column":null}},"1":{"start":{"line":21,"column":2},"end":{"line":21,"column":null}},"2":{"start":{"line":37,"column":8},"end":{"line":37,"column":null}},"3":{"start":{"line":38,"column":8},"end":{"line":38,"column":null}},"4":{"start":{"line":39,"column":19},"end":{"line":39,"column":null}},"5":{"start":{"line":40,"column":16},"end":{"line":40,"column":null}},"6":{"start":{"line":42,"column":31},"end":{"line":46,"column":null}},"7":{"start":{"line":44,"column":11},"end":{"line":44,"column":null}},"8":{"start":{"line":48,"column":8},"end":{"line":48,"column":null}},"9":{"start":{"line":48,"column":35},"end":{"line":48,"column":null}},"10":{"start":{"line":50,"column":8},"end":{"line":57,"column":null}},"11":{"start":{"line":51,"column":30},"end":{"line":51,"column":null}},"12":{"start":{"line":54,"column":8},"end":{"line":54,"column":null}},"13":{"start":{"line":54,"column":23},"end":{"line":54,"column":null}},"14":{"start":{"line":59,"column":8},"end":{"line":74,"column":null}},"15":{"start":{"line":61,"column":18},"end":{"line":61,"column":null}},"16":{"start":{"line":62,"column":18},"end":{"line":62,"column":null}},"17":{"start":{"line":63,"column":6},"end":{"line":63,"column":null}},"18":{"start":{"line":67,"column":8},"end":{"line":67,"column":null}},"19":{"start":{"line":68,"column":8},"end":{"line":68,"column":null}},"20":{"start":{"line":71,"column":8},"end":{"line":71,"column":null}},"21":{"start":{"line":76,"column":8},"end":{"line":80,"column":null}},"22":{"start":{"line":77,"column":17},"end":{"line":77,"column":null}},"23":{"start":{"line":78,"column":4},"end":{"line":78,"column":null}},"24":{"start":{"line":78,"column":14},"end":{"line":78,"column":null}},"25":{"start":{"line":79,"column":4},"end":{"line":79,"column":null}},"26":{"start":{"line":82,"column":89},"end":{"line":87,"column":null}},"27":{"start":{"line":89,"column":2},"end":{"line":180,"column":null}},"28":{"start":{"line":94,"column":12},"end":{"line":110,"column":null}},"29":{"start":{"line":103,"column":31},"end":{"line":103,"column":null}},"30":{"start":{"line":120,"column":25},"end":{"line":120,"column":null}},"31":{"start":{"line":120,"column":44},"end":{"line":120,"column":46}},"32":{"start":{"line":132,"column":14},"end":{"line":144,"column":null}},"33":{"start":{"line":136,"column":18},"end":{"line":136,"column":null}},"34":{"start":{"line":137,"column":18},"end":{"line":138,"column":null}},"35":{"start":{"line":137,"column":45},"end":{"line":137,"column":null}},"36":{"start":{"line":138,"column":23},"end":{"line":138,"column":null}},"37":{"start":{"line":162,"column":25},"end":{"line":162,"column":null}},"38":{"start":{"line":169,"column":25},"end":{"line":169,"column":null}},"39":{"start":{"line":176,"column":25},"end":{"line":176,"column":null}},"40":{"start":{"line":203,"column":2},"end":{"line":221,"column":null}},"41":{"start":{"line":226,"column":15},"end":{"line":226,"column":null}},"42":{"start":{"line":227,"column":15},"end":{"line":227,"column":null}},"43":{"start":{"line":228,"column":8},"end":{"line":248,"column":null}},"44":{"start":{"line":230,"column":18},"end":{"line":230,"column":null}},"45":{"start":{"line":231,"column":6},"end":{"line":235,"column":null}},"46":{"start":{"line":236,"column":6},"end":{"line":236,"column":null}},"47":{"start":{"line":240,"column":8},"end":{"line":240,"column":null}},"48":{"start":{"line":241,"column":8},"end":{"line":241,"column":null}},"49":{"start":{"line":242,"column":8},"end":{"line":242,"column":null}},"50":{"start":{"line":245,"column":8},"end":{"line":245,"column":null}},"51":{"start":{"line":250,"column":2},"end":{"line":277,"column":null}},"52":{"start":{"line":255,"column":27},"end":{"line":255,"column":null}},"53":{"start":{"line":261,"column":27},"end":{"line":261,"column":null}},"54":{"start":{"line":269,"column":27},"end":{"line":269,"column":null}},"55":{"start":{"line":281,"column":60},"end":{"line":287,"column":null}},"56":{"start":{"line":290,"column":15},"end":{"line":290,"column":null}},"57":{"start":{"line":292,"column":39},"end":{"line":312,"column":null}},"58":{"start":{"line":295,"column":6},"end":{"line":310,"column":null}},"59":{"start":{"line":297,"column":10},"end":{"line":297,"column":null}},"60":{"start":{"line":297,"column":71},"end":{"line":297,"column":105}},"61":{"start":{"line":299,"column":10},"end":{"line":299,"column":null}},"62":{"start":{"line":299,"column":77},"end":{"line":299,"column":129}},"63":{"start":{"line":301,"column":10},"end":{"line":301,"column":null}},"64":{"start":{"line":301,"column":81},"end":{"line":301,"column":118}},"65":{"start":{"line":303,"column":10},"end":{"line":303,"column":null}},"66":{"start":{"line":303,"column":79},"end":{"line":303,"column":122}},"67":{"start":{"line":305,"column":10},"end":{"line":307,"column":null}},"68":{"start":{"line":306,"column":27},"end":{"line":306,"column":42}},"69":{"start":{"line":307,"column":25},"end":{"line":307,"column":89}},"70":{"start":{"line":309,"column":10},"end":{"line":309,"column":null}},"71":{"start":{"line":314,"column":8},"end":{"line":334,"column":null}},"72":{"start":{"line":316,"column":18},"end":{"line":316,"column":null}},"73":{"start":{"line":317,"column":6},"end":{"line":321,"column":null}},"74":{"start":{"line":322,"column":6},"end":{"line":322,"column":null}},"75":{"start":{"line":326,"column":8},"end":{"line":326,"column":null}},"76":{"start":{"line":327,"column":8},"end":{"line":327,"column":null}},"77":{"start":{"line":328,"column":8},"end":{"line":328,"column":null}},"78":{"start":{"line":331,"column":8},"end":{"line":331,"column":null}},"79":{"start":{"line":336,"column":2},"end":{"line":381,"column":null}},"80":{"start":{"line":341,"column":12},"end":{"line":353,"column":null}},"81":{"start":{"line":344,"column":29},"end":{"line":344,"column":null}},"82":{"start":{"line":367,"column":14},"end":{"line":376,"column":null}},"83":{"start":{"line":371,"column":31},"end":{"line":371,"column":null}},"84":{"start":{"line":386,"column":17},"end":{"line":386,"column":null}},"85":{"start":{"line":388,"column":27},"end":{"line":391,"column":null}},"86":{"start":{"line":390,"column":16},"end":{"line":390,"column":null}},"87":{"start":{"line":393,"column":36},"end":{"line":397,"column":null}},"88":{"start":{"line":395,"column":16},"end":{"line":395,"column":null}},"89":{"start":{"line":399,"column":8},"end":{"line":415,"column":null}},"90":{"start":{"line":401,"column":18},"end":{"line":401,"column":null}},"91":{"start":{"line":402,"column":6},"end":{"line":402,"column":null}},"92":{"start":{"line":403,"column":6},"end":{"line":403,"column":null}},"93":{"start":{"line":407,"column":8},"end":{"line":407,"column":null}},"94":{"start":{"line":408,"column":8},"end":{"line":408,"column":null}},"95":{"start":{"line":409,"column":8},"end":{"line":409,"column":null}},"96":{"start":{"line":412,"column":8},"end":{"line":412,"column":null}},"97":{"start":{"line":417,"column":2},"end":{"line":461,"column":null}},"98":{"start":{"line":424,"column":29},"end":{"line":424,"column":null}},"99":{"start":{"line":429,"column":14},"end":{"line":431,"column":null}},"100":{"start":{"line":446,"column":16},"end":{"line":455,"column":null}},"101":{"start":{"line":450,"column":33},"end":{"line":450,"column":null}},"102":{"start":{"line":470,"column":2},"end":{"line":475,"column":null}},"103":{"start":{"line":480,"column":2},"end":{"line":484,"column":null}},"104":{"start":{"line":489,"column":2},"end":{"line":493,"column":null}},"105":{"start":{"line":498,"column":2},"end":{"line":503,"column":null}}},"fnMap":{"0":{"name":"(anonymous_0)","decl":{"start":{"line":20,"column":13},"end":{"line":20,"column":31}},"loc":{"start":{"line":21,"column":2},"end":{"line":21,"column":null}},"line":21},"1":{"name":"AttachmentBar","decl":{"start":{"line":32,"column":16},"end":{"line":32,"column":30}},"loc":{"start":{"line":36,"column":36},"end":{"line":182,"column":null}},"line":36},"2":{"name":"(anonymous_2)","decl":{"start":{"line":43,"column":28},"end":{"line":43,"column":null}},"loc":{"start":{"line":44,"column":11},"end":{"line":44,"column":null}},"line":44},"3":{"name":"(anonymous_3)","decl":{"start":{"line":48,"column":8},"end":{"line":48,"column":19}},"loc":{"start":{"line":48,"column":35},"end":{"line":48,"column":null}},"line":48},"4":{"name":"(anonymous_4)","decl":{"start":{"line":50,"column":17},"end":{"line":50,"column":null}},"loc":{"start":{"line":51,"column":30},"end":{"line":51,"column":null}},"line":51},"5":{"name":"onSuccess","decl":{"start":{"line":53,"column":6},"end":{"line":53,"column":18}},"loc":{"start":{"line":53,"column":18},"end":{"line":55,"column":null}},"line":53},"6":{"name":"(anonymous_6)","decl":{"start":{"line":60,"column":4},"end":{"line":60,"column":11}},"loc":{"start":{"line":60,"column":26},"end":{"line":64,"column":null}},"line":60},"7":{"name":"onSuccess","decl":{"start":{"line":66,"column":6},"end":{"line":66,"column":16}},"loc":{"start":{"line":66,"column":25},"end":{"line":69,"column":null}},"line":66},"8":{"name":"onError","decl":{"start":{"line":70,"column":6},"end":{"line":70,"column":14}},"loc":{"start":{"line":70,"column":19},"end":{"line":72,"column":null}},"line":70},"9":{"name":"(anonymous_9)","decl":{"start":{"line":76,"column":8},"end":{"line":76,"column":24}},"loc":{"start":{"line":76,"column":67},"end":{"line":80,"column":null}},"line":76},"10":{"name":"(anonymous_10)","decl":{"start":{"line":93,"column":23},"end":{"line":93,"column":28}},"loc":{"start":{"line":94,"column":12},"end":{"line":110,"column":null}},"line":94},"11":{"name":"(anonymous_11)","decl":{"start":{"line":103,"column":16},"end":{"line":103,"column":31}},"loc":{"start":{"line":103,"column":31},"end":{"line":103,"column":null}},"line":103},"12":{"name":"(anonymous_12)","decl":{"start":{"line":120,"column":10},"end":{"line":120,"column":25}},"loc":{"start":{"line":120,"column":25},"end":{"line":120,"column":null}},"line":120},"13":{"name":"(anonymous_13)","decl":{"start":{"line":120,"column":25},"end":{"line":120,"column":38}},"loc":{"start":{"line":120,"column":44},"end":{"line":120,"column":46}},"line":120},"14":{"name":"(anonymous_14)","decl":{"start":{"line":131,"column":23},"end":{"line":131,"column":28}},"loc":{"start":{"line":132,"column":14},"end":{"line":144,"column":null}},"line":132},"15":{"name":"(anonymous_15)","decl":{"start":{"line":135,"column":16},"end":{"line":135,"column":31}},"loc":{"start":{"line":135,"column":31},"end":{"line":139,"column":null}},"line":135},"16":{"name":"(anonymous_16)","decl":{"start":{"line":162,"column":10},"end":{"line":162,"column":25}},"loc":{"start":{"line":162,"column":25},"end":{"line":162,"column":null}},"line":162},"17":{"name":"(anonymous_17)","decl":{"start":{"line":169,"column":10},"end":{"line":169,"column":25}},"loc":{"start":{"line":169,"column":25},"end":{"line":169,"column":null}},"line":169},"18":{"name":"(anonymous_18)","decl":{"start":{"line":176,"column":10},"end":{"line":176,"column":25}},"loc":{"start":{"line":176,"column":25},"end":{"line":176,"column":null}},"line":176},"19":{"name":"ModalShell","decl":{"start":{"line":194,"column":9},"end":{"line":194,"column":20}},"loc":{"start":{"line":202,"column":16},"end":{"line":223,"column":null}},"line":202},"20":{"name":"TextSnippetModal","decl":{"start":{"line":225,"column":9},"end":{"line":225,"column":26}},"loc":{"start":{"line":225,"column":92},"end":{"line":279,"column":null}},"line":225},"21":{"name":"(anonymous_21)","decl":{"start":{"line":229,"column":4},"end":{"line":229,"column":16}},"loc":{"start":{"line":229,"column":16},"end":{"line":237,"column":null}},"line":229},"22":{"name":"onSuccess","decl":{"start":{"line":239,"column":6},"end":{"line":239,"column":16}},"loc":{"start":{"line":239,"column":21},"end":{"line":243,"column":null}},"line":239},"23":{"name":"onError","decl":{"start":{"line":244,"column":6},"end":{"line":244,"column":14}},"loc":{"start":{"line":244,"column":19},"end":{"line":246,"column":null}},"line":244},"24":{"name":"(anonymous_24)","decl":{"start":{"line":255,"column":10},"end":{"line":255,"column":21}},"loc":{"start":{"line":255,"column":27},"end":{"line":255,"column":null}},"line":255},"25":{"name":"(anonymous_25)","decl":{"start":{"line":261,"column":10},"end":{"line":261,"column":21}},"loc":{"start":{"line":261,"column":27},"end":{"line":261,"column":null}},"line":261},"26":{"name":"(anonymous_26)","decl":{"start":{"line":269,"column":12},"end":{"line":269,"column":27}},"loc":{"start":{"line":269,"column":27},"end":{"line":269,"column":null}},"line":269},"27":{"name":"LibraryPickerModal","decl":{"start":{"line":289,"column":9},"end":{"line":289,"column":28}},"loc":{"start":{"line":289,"column":94},"end":{"line":383,"column":null}},"line":289},"28":{"name":"(anonymous_28)","decl":{"start":{"line":294,"column":4},"end":{"line":294,"column":11}},"loc":{"start":{"line":294,"column":22},"end":{"line":311,"column":null}},"line":294},"29":{"name":"(anonymous_29)","decl":{"start":{"line":297,"column":59},"end":{"line":297,"column":64}},"loc":{"start":{"line":297,"column":71},"end":{"line":297,"column":105}},"line":297},"30":{"name":"(anonymous_30)","decl":{"start":{"line":299,"column":65},"end":{"line":299,"column":70}},"loc":{"start":{"line":299,"column":77},"end":{"line":299,"column":129}},"line":299},"31":{"name":"(anonymous_31)","decl":{"start":{"line":301,"column":69},"end":{"line":301,"column":74}},"loc":{"start":{"line":301,"column":81},"end":{"line":301,"column":118}},"line":301},"32":{"name":"(anonymous_32)","decl":{"start":{"line":303,"column":67},"end":{"line":303,"column":72}},"loc":{"start":{"line":303,"column":79},"end":{"line":303,"column":122}},"line":303},"33":{"name":"(anonymous_33)","decl":{"start":{"line":306,"column":13},"end":{"line":306,"column":21}},"loc":{"start":{"line":306,"column":27},"end":{"line":306,"column":42}},"line":306},"34":{"name":"(anonymous_34)","decl":{"start":{"line":307,"column":13},"end":{"line":307,"column":18}},"loc":{"start":{"line":307,"column":25},"end":{"line":307,"column":89}},"line":307},"35":{"name":"(anonymous_35)","decl":{"start":{"line":315,"column":4},"end":{"line":315,"column":11}},"loc":{"start":{"line":315,"column":34},"end":{"line":323,"column":null}},"line":315},"36":{"name":"onSuccess","decl":{"start":{"line":325,"column":6},"end":{"line":325,"column":16}},"loc":{"start":{"line":325,"column":21},"end":{"line":329,"column":null}},"line":325},"37":{"name":"onError","decl":{"start":{"line":330,"column":6},"end":{"line":330,"column":14}},"loc":{"start":{"line":330,"column":19},"end":{"line":332,"column":null}},"line":330},"38":{"name":"(anonymous_38)","decl":{"start":{"line":340,"column":34},"end":{"line":340,"column":39}},"loc":{"start":{"line":341,"column":12},"end":{"line":353,"column":null}},"line":341},"39":{"name":"(anonymous_39)","decl":{"start":{"line":344,"column":14},"end":{"line":344,"column":29}},"loc":{"start":{"line":344,"column":29},"end":{"line":344,"column":null}},"line":344},"40":{"name":"(anonymous_40)","decl":{"start":{"line":366,"column":18},"end":{"line":366,"column":23}},"loc":{"start":{"line":367,"column":14},"end":{"line":376,"column":null}},"line":367},"41":{"name":"(anonymous_41)","decl":{"start":{"line":371,"column":16},"end":{"line":371,"column":31}},"loc":{"start":{"line":371,"column":31},"end":{"line":371,"column":null}},"line":371},"42":{"name":"ObjectPickerModal","decl":{"start":{"line":385,"column":9},"end":{"line":385,"column":27}},"loc":{"start":{"line":385,"column":93},"end":{"line":463,"column":null}},"line":385},"43":{"name":"(anonymous_43)","decl":{"start":{"line":389,"column":34},"end":{"line":389,"column":null}},"loc":{"start":{"line":390,"column":16},"end":{"line":390,"column":null}},"line":390},"44":{"name":"(anonymous_44)","decl":{"start":{"line":394,"column":42},"end":{"line":394,"column":null}},"loc":{"start":{"line":395,"column":16},"end":{"line":395,"column":null}},"line":395},"45":{"name":"(anonymous_45)","decl":{"start":{"line":400,"column":4},"end":{"line":400,"column":11}},"loc":{"start":{"line":400,"column":27},"end":{"line":404,"column":null}},"line":400},"46":{"name":"onSuccess","decl":{"start":{"line":406,"column":6},"end":{"line":406,"column":16}},"loc":{"start":{"line":406,"column":21},"end":{"line":410,"column":null}},"line":406},"47":{"name":"onError","decl":{"start":{"line":411,"column":6},"end":{"line":411,"column":14}},"loc":{"start":{"line":411,"column":19},"end":{"line":413,"column":null}},"line":411},"48":{"name":"(anonymous_48)","decl":{"start":{"line":424,"column":12},"end":{"line":424,"column":23}},"loc":{"start":{"line":424,"column":29},"end":{"line":424,"column":null}},"line":424},"49":{"name":"(anonymous_49)","decl":{"start":{"line":428,"column":21},"end":{"line":428,"column":26}},"loc":{"start":{"line":429,"column":14},"end":{"line":431,"column":null}},"line":429},"50":{"name":"(anonymous_50)","decl":{"start":{"line":445,"column":30},"end":{"line":445,"column":35}},"loc":{"start":{"line":446,"column":16},"end":{"line":455,"column":null}},"line":446},"51":{"name":"(anonymous_51)","decl":{"start":{"line":450,"column":18},"end":{"line":450,"column":33}},"loc":{"start":{"line":450,"column":33},"end":{"line":450,"column":null}},"line":450},"52":{"name":"IconUpload","decl":{"start":{"line":469,"column":9},"end":{"line":469,"column":35}},"loc":{"start":{"line":469,"column":35},"end":{"line":477,"column":null}},"line":469},"53":{"name":"IconBucket","decl":{"start":{"line":479,"column":9},"end":{"line":479,"column":35}},"loc":{"start":{"line":479,"column":35},"end":{"line":486,"column":null}},"line":479},"54":{"name":"IconLibrary","decl":{"start":{"line":488,"column":9},"end":{"line":488,"column":36}},"loc":{"start":{"line":488,"column":36},"end":{"line":495,"column":null}},"line":488},"55":{"name":"IconText","decl":{"start":{"line":497,"column":9},"end":{"line":497,"column":33}},"loc":{"start":{"line":497,"column":33},"end":{"line":505,"column":null}},"line":497}},"branchMap":{"0":{"loc":{"start":{"line":21,"column":31},"end":{"line":21,"column":50}},"type":"binary-expr","locations":[{"start":{"line":21,"column":31},"end":{"line":21,"column":44}},{"start":{"line":21,"column":44},"end":{"line":21,"column":50}}],"line":21},"1":{"loc":{"start":{"line":42,"column":16},"end":{"line":42,"column":37}},"type":"default-arg","locations":[{"start":{"line":42,"column":30},"end":{"line":42,"column":37}}],"line":42},"2":{"loc":{"start":{"line":44,"column":11},"end":{"line":44,"column":null}},"type":"cond-expr","locations":[{"start":{"line":44,"column":23},"end":{"line":44,"column":72}},{"start":{"line":44,"column":72},"end":{"line":44,"column":null}}],"line":44},"3":{"loc":{"start":{"line":54,"column":8},"end":{"line":54,"column":null}},"type":"if","locations":[{"start":{"line":54,"column":8},"end":{"line":54,"column":null}},{"start":{},"end":{}}],"line":54},"4":{"loc":{"start":{"line":71,"column":24},"end":{"line":71,"column":54}},"type":"binary-expr","locations":[{"start":{"line":71,"column":24},"end":{"line":71,"column":39}},{"start":{"line":71,"column":39},"end":{"line":71,"column":54}}],"line":71},"5":{"loc":{"start":{"line":78,"column":4},"end":{"line":78,"column":null}},"type":"if","locations":[{"start":{"line":78,"column":4},"end":{"line":78,"column":null}},{"start":{},"end":{}}],"line":78},"6":{"loc":{"start":{"line":91,"column":7},"end":{"line":112,"column":null}},"type":"binary-expr","locations":[{"start":{"line":91,"column":7},"end":{"line":91,"column":null}},{"start":{"line":92,"column":8},"end":{"line":112,"column":null}}],"line":91},"7":{"loc":{"start":{"line":96,"column":85},"end":{"line":96,"column":null}},"type":"cond-expr","locations":[{"start":{"line":96,"column":101},"end":{"line":96,"column":118}},{"start":{"line":96,"column":118},"end":{"line":96,"column":null}}],"line":96},"8":{"loc":{"start":{"line":119,"column":20},"end":{"line":119,"column":null}},"type":"binary-expr","locations":[{"start":{"line":119,"column":20},"end":{"line":119,"column":32}},{"start":{"line":119,"column":32},"end":{"line":119,"column":null}}],"line":119},"9":{"loc":{"start":{"line":126,"column":11},"end":{"line":126,"column":null}},"type":"cond-expr","locations":[{"start":{"line":126,"column":30},"end":{"line":126,"column":45}},{"start":{"line":126,"column":45},"end":{"line":126,"column":null}}],"line":126},"10":{"loc":{"start":{"line":129,"column":9},"end":{"line":148,"column":null}},"type":"binary-expr","locations":[{"start":{"line":129,"column":9},"end":{"line":129,"column":null}},{"start":{"line":130,"column":10},"end":{"line":148,"column":null}}],"line":129},"11":{"loc":{"start":{"line":137,"column":18},"end":{"line":138,"column":null}},"type":"if","locations":[{"start":{"line":137,"column":18},"end":{"line":138,"column":null}},{"start":{"line":138,"column":23},"end":{"line":138,"column":null}}],"line":137},"12":{"loc":{"start":{"line":159,"column":7},"end":{"line":164,"column":null}},"type":"binary-expr","locations":[{"start":{"line":159,"column":7},"end":{"line":159,"column":null}},{"start":{"line":160,"column":8},"end":{"line":164,"column":null}}],"line":159},"13":{"loc":{"start":{"line":166,"column":7},"end":{"line":171,"column":null}},"type":"binary-expr","locations":[{"start":{"line":166,"column":7},"end":{"line":166,"column":null}},{"start":{"line":167,"column":8},"end":{"line":171,"column":null}}],"line":166},"14":{"loc":{"start":{"line":173,"column":7},"end":{"line":178,"column":null}},"type":"binary-expr","locations":[{"start":{"line":173,"column":7},"end":{"line":173,"column":null}},{"start":{"line":174,"column":8},"end":{"line":178,"column":null}}],"line":173},"15":{"loc":{"start":{"line":233,"column":14},"end":{"line":233,"column":null}},"type":"binary-expr","locations":[{"start":{"line":233,"column":14},"end":{"line":233,"column":29}},{"start":{"line":233,"column":29},"end":{"line":233,"column":null}}],"line":233},"16":{"loc":{"start":{"line":245,"column":24},"end":{"line":245,"column":62}},"type":"binary-expr","locations":[{"start":{"line":245,"column":24},"end":{"line":245,"column":39}},{"start":{"line":245,"column":39},"end":{"line":245,"column":62}}],"line":245},"17":{"loc":{"start":{"line":270,"column":22},"end":{"line":270,"column":null}},"type":"binary-expr","locations":[{"start":{"line":270,"column":22},"end":{"line":270,"column":38}},{"start":{"line":270,"column":38},"end":{"line":270,"column":null}}],"line":270},"18":{"loc":{"start":{"line":273,"column":13},"end":{"line":273,"column":null}},"type":"cond-expr","locations":[{"start":{"line":273,"column":29},"end":{"line":273,"column":44}},{"start":{"line":273,"column":44},"end":{"line":273,"column":null}}],"line":273},"19":{"loc":{"start":{"line":292,"column":16},"end":{"line":292,"column":28}},"type":"default-arg","locations":[{"start":{"line":292,"column":24},"end":{"line":292,"column":28}}],"line":292},"20":{"loc":{"start":{"line":295,"column":6},"end":{"line":310,"column":null}},"type":"switch","locations":[{"start":{"line":296,"column":8},"end":{"line":297,"column":null}},{"start":{"line":298,"column":8},"end":{"line":299,"column":null}},{"start":{"line":300,"column":8},"end":{"line":301,"column":null}},{"start":{"line":302,"column":8},"end":{"line":303,"column":null}},{"start":{"line":304,"column":8},"end":{"line":307,"column":null}},{"start":{"line":308,"column":8},"end":{"line":309,"column":null}}],"line":295},"21":{"loc":{"start":{"line":331,"column":24},"end":{"line":331,"column":66}},"type":"binary-expr","locations":[{"start":{"line":331,"column":24},"end":{"line":331,"column":39}},{"start":{"line":331,"column":39},"end":{"line":331,"column":66}}],"line":331},"22":{"loc":{"start":{"line":347,"column":16},"end":{"line":349,"column":null}},"type":"cond-expr","locations":[{"start":{"line":348,"column":20},"end":{"line":348,"column":null}},{"start":{"line":349,"column":20},"end":{"line":349,"column":null}}],"line":347},"23":{"loc":{"start":{"line":357,"column":11},"end":{"line":377,"column":null}},"type":"cond-expr","locations":[{"start":{"line":358,"column":12},"end":{"line":359,"column":null}},{"start":{"line":359,"column":14},"end":{"line":377,"column":null}}],"line":357},"24":{"loc":{"start":{"line":359,"column":14},"end":{"line":377,"column":null}},"type":"cond-expr","locations":[{"start":{"line":360,"column":12},"end":{"line":363,"column":20}},{"start":{"line":363,"column":14},"end":{"line":377,"column":null}}],"line":359},"25":{"loc":{"start":{"line":363,"column":14},"end":{"line":377,"column":null}},"type":"cond-expr","locations":[{"start":{"line":364,"column":12},"end":{"line":366,"column":18}},{"start":{"line":366,"column":12},"end":{"line":377,"column":null}}],"line":363},"26":{"loc":{"start":{"line":388,"column":16},"end":{"line":388,"column":33}},"type":"default-arg","locations":[{"start":{"line":388,"column":26},"end":{"line":388,"column":33}}],"line":388},"27":{"loc":{"start":{"line":412,"column":24},"end":{"line":412,"column":64}},"type":"binary-expr","locations":[{"start":{"line":412,"column":24},"end":{"line":412,"column":39}},{"start":{"line":412,"column":39},"end":{"line":412,"column":64}}],"line":412},"28":{"loc":{"start":{"line":436,"column":9},"end":{"line":460,"column":null}},"type":"binary-expr","locations":[{"start":{"line":436,"column":9},"end":{"line":436,"column":null}},{"start":{"line":437,"column":10},"end":{"line":460,"column":null}}],"line":436},"29":{"loc":{"start":{"line":438,"column":13},"end":{"line":456,"column":null}},"type":"cond-expr","locations":[{"start":{"line":439,"column":14},"end":{"line":440,"column":null}},{"start":{"line":440,"column":16},"end":{"line":456,"column":null}}],"line":438},"30":{"loc":{"start":{"line":440,"column":16},"end":{"line":456,"column":null}},"type":"cond-expr","locations":[{"start":{"line":441,"column":14},"end":{"line":442,"column":17}},{"start":{"line":442,"column":16},"end":{"line":456,"column":null}}],"line":440},"31":{"loc":{"start":{"line":442,"column":16},"end":{"line":456,"column":null}},"type":"cond-expr","locations":[{"start":{"line":443,"column":14},"end":{"line":445,"column":22}},{"start":{"line":445,"column":14},"end":{"line":456,"column":null}}],"line":442},"32":{"loc":{"start":{"line":442,"column":16},"end":{"line":442,"column":null}},"type":"binary-expr","locations":[{"start":{"line":442,"column":16},"end":{"line":442,"column":28}},{"start":{"line":442,"column":28},"end":{"line":442,"column":null}}],"line":442}},"s":{"0":1,"1":58,"2":54,"3":54,"4":54,"5":54,"6":54,"7":18,"8":54,"9":4,"10":54,"11":1,"12":1,"13":1,"14":54,"15":2,"16":2,"17":1,"18":1,"19":1,"20":1,"21":54,"22":2,"23":2,"24":2,"25":2,"26":54,"27":54,"28":2,"29":1,"30":11,"31":11,"32":40,"33":9,"34":9,"35":1,"36":8,"37":1,"38":1,"39":1,"40":37,"41":15,"42":15,"43":15,"44":1,"45":1,"46":0,"47":0,"48":0,"49":0,"50":1,"51":15,"52":0,"53":12,"54":1,"55":1,"56":10,"57":10,"58":5,"59":3,"60":2,"61":1,"62":0,"63":1,"64":1,"65":0,"66":0,"67":0,"68":0,"69":0,"70":0,"71":10,"72":1,"73":1,"74":1,"75":1,"76":1,"77":1,"78":0,"79":10,"80":50,"81":2,"82":3,"83":1,"84":12,"85":12,"86":3,"87":12,"88":3,"89":12,"90":1,"91":1,"92":1,"93":1,"94":1,"95":1,"96":0,"97":12,"98":3,"99":9,"100":1,"101":1,"102":10,"103":10,"104":10,"105":10},"f":{"0":58,"1":54,"2":18,"3":4,"4":1,"5":1,"6":2,"7":1,"8":1,"9":2,"10":2,"11":1,"12":11,"13":11,"14":40,"15":9,"16":1,"17":1,"18":1,"19":37,"20":15,"21":1,"22":0,"23":1,"24":0,"25":12,"26":1,"27":10,"28":5,"29":2,"30":0,"31":1,"32":0,"33":0,"34":0,"35":1,"36":1,"37":0,"38":50,"39":2,"40":3,"41":1,"42":12,"43":3,"44":3,"45":1,"46":1,"47":0,"48":3,"49":9,"50":1,"51":1,"52":10,"53":10,"54":10,"55":10},"b":{"0":[58,1],"1":[54],"2":[18,0],"3":[1,0],"4":[1,0],"5":[2,0],"6":[54,2],"7":[1,1],"8":[54,53],"9":[0,54],"10":[54,10],"11":[1,8],"12":[54,2],"13":[54,3],"14":[54,3],"15":[1,1],"16":[1,0],"17":[15,13],"18":[0,15],"19":[10],"20":[3,1,1,0,0,0],"21":[0,0],"22":[10,40],"23":[5,5],"24":[1,4],"25":[1,3],"26":[12],"27":[0,0],"28":[12,6],"29":[3,3],"30":[1,2],"31":[1,1],"32":[2,2]},"meta":{"lastBranch":33,"lastFunction":56,"lastStatement":106,"seen":{"s:20:13:21:Infinity":0,"f:20:13:20:31":0,"s:21:2:21:Infinity":1,"b:21:31:21:44:21:44:21:50":0,"f:32:16:32:30":1,"s:37:8:37:Infinity":2,"s:38:8:38:Infinity":3,"s:39:19:39:Infinity":4,"s:40:16:40:Infinity":5,"s:42:31:46:Infinity":6,"b:42:30:42:37":1,"f:43:28:43:Infinity":2,"s:44:11:44:Infinity":7,"b:44:23:44:72:44:72:44:Infinity":2,"s:48:8:48:Infinity":8,"f:48:8:48:19":3,"s:48:35:48:Infinity":9,"s:50:8:57:Infinity":10,"f:50:17:50:Infinity":4,"s:51:30:51:Infinity":11,"f:53:6:53:18":5,"b:54:8:54:Infinity:undefined:undefined:undefined:undefined":3,"s:54:8:54:Infinity":12,"s:54:23:54:Infinity":13,"s:59:8:74:Infinity":14,"f:60:4:60:11":6,"s:61:18:61:Infinity":15,"s:62:18:62:Infinity":16,"s:63:6:63:Infinity":17,"f:66:6:66:16":7,"s:67:8:67:Infinity":18,"s:68:8:68:Infinity":19,"f:70:6:70:14":8,"s:71:8:71:Infinity":20,"b:71:24:71:39:71:39:71:54":4,"s:76:8:80:Infinity":21,"f:76:8:76:24":9,"s:77:17:77:Infinity":22,"b:78:4:78:Infinity:undefined:undefined:undefined:undefined":5,"s:78:4:78:Infinity":23,"s:78:14:78:Infinity":24,"s:79:4:79:Infinity":25,"s:82:89:87:Infinity":26,"s:89:2:180:Infinity":27,"b:91:7:91:Infinity:92:8:112:Infinity":6,"f:93:23:93:28":10,"s:94:12:110:Infinity":28,"b:96:101:96:118:96:118:96:Infinity":7,"f:103:16:103:31":11,"s:103:31:103:Infinity":29,"b:119:20:119:32:119:32:119:Infinity":8,"f:120:10:120:25":12,"s:120:25:120:Infinity":30,"f:120:25:120:38":13,"s:120:44:120:46":31,"b:126:30:126:45:126:45:126:Infinity":9,"b:129:9:129:Infinity:130:10:148:Infinity":10,"f:131:23:131:28":14,"s:132:14:144:Infinity":32,"f:135:16:135:31":15,"s:136:18:136:Infinity":33,"b:137:18:138:Infinity:138:23:138:Infinity":11,"s:137:18:138:Infinity":34,"s:137:45:137:Infinity":35,"s:138:23:138:Infinity":36,"b:159:7:159:Infinity:160:8:164:Infinity":12,"f:162:10:162:25":16,"s:162:25:162:Infinity":37,"b:166:7:166:Infinity:167:8:171:Infinity":13,"f:169:10:169:25":17,"s:169:25:169:Infinity":38,"b:173:7:173:Infinity:174:8:178:Infinity":14,"f:176:10:176:25":18,"s:176:25:176:Infinity":39,"f:194:9:194:20":19,"s:203:2:221:Infinity":40,"f:225:9:225:26":20,"s:226:15:226:Infinity":41,"s:227:15:227:Infinity":42,"s:228:8:248:Infinity":43,"f:229:4:229:16":21,"s:230:18:230:Infinity":44,"s:231:6:235:Infinity":45,"b:233:14:233:29:233:29:233:Infinity":15,"s:236:6:236:Infinity":46,"f:239:6:239:16":22,"s:240:8:240:Infinity":47,"s:241:8:241:Infinity":48,"s:242:8:242:Infinity":49,"f:244:6:244:14":23,"s:245:8:245:Infinity":50,"b:245:24:245:39:245:39:245:62":16,"s:250:2:277:Infinity":51,"f:255:10:255:21":24,"s:255:27:255:Infinity":52,"f:261:10:261:21":25,"s:261:27:261:Infinity":53,"f:269:12:269:27":26,"s:269:27:269:Infinity":54,"b:270:22:270:38:270:38:270:Infinity":17,"b:273:29:273:44:273:44:273:Infinity":18,"s:281:60:287:Infinity":55,"f:289:9:289:28":27,"s:290:15:290:Infinity":56,"s:292:39:312:Infinity":57,"b:292:24:292:28":19,"f:294:4:294:11":28,"b:296:8:297:Infinity:298:8:299:Infinity:300:8:301:Infinity:302:8:303:Infinity:304:8:307:Infinity:308:8:309:Infinity":20,"s:295:6:310:Infinity":58,"s:297:10:297:Infinity":59,"f:297:59:297:64":29,"s:297:71:297:105":60,"s:299:10:299:Infinity":61,"f:299:65:299:70":30,"s:299:77:299:129":62,"s:301:10:301:Infinity":63,"f:301:69:301:74":31,"s:301:81:301:118":64,"s:303:10:303:Infinity":65,"f:303:67:303:72":32,"s:303:79:303:122":66,"s:305:10:307:Infinity":67,"f:306:13:306:21":33,"s:306:27:306:42":68,"f:307:13:307:18":34,"s:307:25:307:89":69,"s:309:10:309:Infinity":70,"s:314:8:334:Infinity":71,"f:315:4:315:11":35,"s:316:18:316:Infinity":72,"s:317:6:321:Infinity":73,"s:322:6:322:Infinity":74,"f:325:6:325:16":36,"s:326:8:326:Infinity":75,"s:327:8:327:Infinity":76,"s:328:8:328:Infinity":77,"f:330:6:330:14":37,"s:331:8:331:Infinity":78,"b:331:24:331:39:331:39:331:66":21,"s:336:2:381:Infinity":79,"f:340:34:340:39":38,"s:341:12:353:Infinity":80,"f:344:14:344:29":39,"s:344:29:344:Infinity":81,"b:348:20:348:Infinity:349:20:349:Infinity":22,"b:358:12:359:Infinity:359:14:377:Infinity":23,"b:360:12:363:20:363:14:377:Infinity":24,"b:364:12:366:18:366:12:377:Infinity":25,"f:366:18:366:23":40,"s:367:14:376:Infinity":82,"f:371:16:371:31":41,"s:371:31:371:Infinity":83,"f:385:9:385:27":42,"s:386:17:386:Infinity":84,"s:388:27:391:Infinity":85,"b:388:26:388:33":26,"f:389:34:389:Infinity":43,"s:390:16:390:Infinity":86,"s:393:36:397:Infinity":87,"f:394:42:394:Infinity":44,"s:395:16:395:Infinity":88,"s:399:8:415:Infinity":89,"f:400:4:400:11":45,"s:401:18:401:Infinity":90,"s:402:6:402:Infinity":91,"s:403:6:403:Infinity":92,"f:406:6:406:16":46,"s:407:8:407:Infinity":93,"s:408:8:408:Infinity":94,"s:409:8:409:Infinity":95,"f:411:6:411:14":47,"s:412:8:412:Infinity":96,"b:412:24:412:39:412:39:412:64":27,"s:417:2:461:Infinity":97,"f:424:12:424:23":48,"s:424:29:424:Infinity":98,"f:428:21:428:26":49,"s:429:14:431:Infinity":99,"b:436:9:436:Infinity:437:10:460:Infinity":28,"b:439:14:440:Infinity:440:16:456:Infinity":29,"b:441:14:442:17:442:16:456:Infinity":30,"b:443:14:445:22:445:14:456:Infinity":31,"b:442:16:442:28:442:28:442:Infinity":32,"f:445:30:445:35":50,"s:446:16:455:Infinity":100,"f:450:18:450:33":51,"s:450:33:450:Infinity":101,"f:469:9:469:35":52,"s:470:2:475:Infinity":102,"f:479:9:479:35":53,"s:480:2:484:Infinity":103,"f:488:9:488:36":54,"s:489:2:493:Infinity":104,"f:497:9:497:33":55,"s:498:2:503:Infinity":105}}}
}
